<?xml version="1.0" encoding="UTF-8"?>
<testng-results ignored="0" total="20" passed="20" failed="0" skipped="0">
  <reporter-output>
  </reporter-output>
  <suite started-at="2024-08-29T16:09:11 GMT" name="flight-reservation" finished-at="2024-08-29T16:11:03 GMT" duration-ms="111970">
    <groups>
    </groups>
    <test started-at="2024-08-29T16:09:11 GMT" name="passengers-count-2" finished-at="2024-08-29T16:10:18 GMT" duration-ms="66988">
      <class name="com.umesh.tests.flightreservation.FlightReservationTest">
        <test-method is-config="true" signature="setDriver()[pri:0, instance:com.umesh.tests.flightreservation.FlightReservationTest@4f74980d]" started-at="2024-08-29T16:09:11 GMT" name="setDriver" finished-at="2024-08-29T16:09:36 GMT" duration-ms="25487" status="PASS">
          <reporter-output>
          </reporter-output>
        </test-method> <!-- setDriver -->
        <test-method is-config="true" signature="setParameters(java.lang.String)[pri:0, instance:com.umesh.tests.flightreservation.FlightReservationTest@4f74980d]" started-at="2024-08-29T16:09:36 GMT" name="setParameters" finished-at="2024-08-29T16:09:36 GMT" depends-on-methods="com.umesh.tests.AbstractTest.setDriver" duration-ms="12" status="PASS">
          <params>
            <param index="0">
              <value>
                <![CDATA[test-data/flight-reservation/passenger-2.json]]>
              </value>
            </param>
          </params>
          <reporter-output>
          </reporter-output>
        </test-method> <!-- setParameters -->
        <test-method signature="userRegistrationTest()[pri:0, instance:com.umesh.tests.flightreservation.FlightReservationTest@4f74980d]" started-at="2024-08-29T16:09:36 GMT" name="userRegistrationTest" finished-at="2024-08-29T16:09:54 GMT" duration-ms="17403" status="PASS">
          <reporter-output>
          </reporter-output>
        </test-method> <!-- userRegistrationTest -->
        <test-method is-config="true" signature="sleep()[pri:0, instance:com.umesh.tests.flightreservation.FlightReservationTest@4f74980d]" started-at="2024-08-29T16:09:54 GMT" name="sleep" finished-at="2024-08-29T16:09:57 GMT" duration-ms="3006" status="PASS">
          <reporter-output>
          </reporter-output>
        </test-method> <!-- sleep -->
        <test-method signature="registrationConfirmationTest()[pri:0, instance:com.umesh.tests.flightreservation.FlightReservationTest@4f74980d]" started-at="2024-08-29T16:09:57 GMT" name="registrationConfirmationTest" finished-at="2024-08-29T16:09:57 GMT" depends-on-methods="com.umesh.tests.flightreservation.FlightReservationTest.userRegistrationTest" duration-ms="589" status="PASS">
          <reporter-output>
          </reporter-output>
        </test-method> <!-- registrationConfirmationTest -->
        <test-method is-config="true" signature="sleep()[pri:0, instance:com.umesh.tests.flightreservation.FlightReservationTest@4f74980d]" started-at="2024-08-29T16:09:57 GMT" name="sleep" finished-at="2024-08-29T16:10:00 GMT" duration-ms="3002" status="PASS">
          <reporter-output>
          </reporter-output>
        </test-method> <!-- sleep -->
        <test-method signature="flightsSearchTest()[pri:0, instance:com.umesh.tests.flightreservation.FlightReservationTest@4f74980d]" started-at="2024-08-29T16:10:00 GMT" name="flightsSearchTest" finished-at="2024-08-29T16:10:03 GMT" depends-on-methods="com.umesh.tests.flightreservation.FlightReservationTest.registrationConfirmationTest" duration-ms="2655" status="PASS">
          <reporter-output>
          </reporter-output>
        </test-method> <!-- flightsSearchTest -->
        <test-method is-config="true" signature="sleep()[pri:0, instance:com.umesh.tests.flightreservation.FlightReservationTest@4f74980d]" started-at="2024-08-29T16:10:03 GMT" name="sleep" finished-at="2024-08-29T16:10:06 GMT" duration-ms="3018" status="PASS">
          <reporter-output>
          </reporter-output>
        </test-method> <!-- sleep -->
        <test-method signature="flightsSelectionTest()[pri:0, instance:com.umesh.tests.flightreservation.FlightReservationTest@4f74980d]" started-at="2024-08-29T16:10:06 GMT" name="flightsSelectionTest" finished-at="2024-08-29T16:10:07 GMT" depends-on-methods="com.umesh.tests.flightreservation.FlightReservationTest.flightsSearchTest" duration-ms="1455" status="PASS">
          <reporter-output>
          </reporter-output>
        </test-method> <!-- flightsSelectionTest -->
        <test-method is-config="true" signature="sleep()[pri:0, instance:com.umesh.tests.flightreservation.FlightReservationTest@4f74980d]" started-at="2024-08-29T16:10:07 GMT" name="sleep" finished-at="2024-08-29T16:10:10 GMT" duration-ms="3002" status="PASS">
          <reporter-output>
          </reporter-output>
        </test-method> <!-- sleep -->
        <test-method signature="flightReservationConfirmationTest()[pri:0, instance:com.umesh.tests.flightreservation.FlightReservationTest@4f74980d]" started-at="2024-08-29T16:10:10 GMT" name="flightReservationConfirmationTest" finished-at="2024-08-29T16:10:12 GMT" depends-on-methods="com.umesh.tests.flightreservation.FlightReservationTest.flightsSelectionTest" duration-ms="1189" status="PASS">
          <reporter-output>
          </reporter-output>
        </test-method> <!-- flightReservationConfirmationTest -->
        <test-method is-config="true" signature="sleep()[pri:0, instance:com.umesh.tests.flightreservation.FlightReservationTest@4f74980d]" started-at="2024-08-29T16:10:12 GMT" name="sleep" finished-at="2024-08-29T16:10:15 GMT" duration-ms="3044" status="PASS">
          <reporter-output>
          </reporter-output>
        </test-method> <!-- sleep -->
        <test-method is-config="true" signature="quitDriver()[pri:0, instance:com.umesh.tests.flightreservation.FlightReservationTest@4f74980d]" started-at="2024-08-29T16:10:15 GMT" name="quitDriver" finished-at="2024-08-29T16:10:18 GMT" duration-ms="3002" status="PASS">
          <reporter-output>
          </reporter-output>
        </test-method> <!-- quitDriver -->
      </class> <!-- com.umesh.tests.flightreservation.FlightReservationTest -->
    </test> <!-- passengers-count-2 -->
    <test started-at="2024-08-29T16:09:11 GMT" name="passengers-count-1" finished-at="2024-08-29T16:10:18 GMT" duration-ms="67145">
      <class name="com.umesh.tests.flightreservation.FlightReservationTest">
        <test-method is-config="true" signature="setDriver()[pri:0, instance:com.umesh.tests.flightreservation.FlightReservationTest@420a85c4]" started-at="2024-08-29T16:09:11 GMT" name="setDriver" finished-at="2024-08-29T16:09:35 GMT" duration-ms="23862" status="PASS">
          <reporter-output>
          </reporter-output>
        </test-method> <!-- setDriver -->
        <test-method is-config="true" signature="setParameters(java.lang.String)[pri:0, instance:com.umesh.tests.flightreservation.FlightReservationTest@420a85c4]" started-at="2024-08-29T16:09:35 GMT" name="setParameters" finished-at="2024-08-29T16:09:36 GMT" depends-on-methods="com.umesh.tests.AbstractTest.setDriver" duration-ms="1469" status="PASS">
          <params>
            <param index="0">
              <value>
                <![CDATA[test-data/flight-reservation/passenger-1.json]]>
              </value>
            </param>
          </params>
          <reporter-output>
          </reporter-output>
        </test-method> <!-- setParameters -->
        <test-method signature="userRegistrationTest()[pri:0, instance:com.umesh.tests.flightreservation.FlightReservationTest@420a85c4]" started-at="2024-08-29T16:09:36 GMT" name="userRegistrationTest" finished-at="2024-08-29T16:09:51 GMT" duration-ms="14947" status="PASS">
          <reporter-output>
          </reporter-output>
        </test-method> <!-- userRegistrationTest -->
        <test-method is-config="true" signature="sleep()[pri:0, instance:com.umesh.tests.flightreservation.FlightReservationTest@420a85c4]" started-at="2024-08-29T16:09:51 GMT" name="sleep" finished-at="2024-08-29T16:09:54 GMT" duration-ms="3002" status="PASS">
          <reporter-output>
          </reporter-output>
        </test-method> <!-- sleep -->
        <test-method signature="registrationConfirmationTest()[pri:0, instance:com.umesh.tests.flightreservation.FlightReservationTest@420a85c4]" started-at="2024-08-29T16:09:54 GMT" name="registrationConfirmationTest" finished-at="2024-08-29T16:09:56 GMT" depends-on-methods="com.umesh.tests.flightreservation.FlightReservationTest.userRegistrationTest" duration-ms="1993" status="PASS">
          <reporter-output>
          </reporter-output>
        </test-method> <!-- registrationConfirmationTest -->
        <test-method is-config="true" signature="sleep()[pri:0, instance:com.umesh.tests.flightreservation.FlightReservationTest@420a85c4]" started-at="2024-08-29T16:09:56 GMT" name="sleep" finished-at="2024-08-29T16:09:59 GMT" duration-ms="3004" status="PASS">
          <reporter-output>
          </reporter-output>
        </test-method> <!-- sleep -->
        <test-method signature="flightsSearchTest()[pri:0, instance:com.umesh.tests.flightreservation.FlightReservationTest@420a85c4]" started-at="2024-08-29T16:09:59 GMT" name="flightsSearchTest" finished-at="2024-08-29T16:10:02 GMT" depends-on-methods="com.umesh.tests.flightreservation.FlightReservationTest.registrationConfirmationTest" duration-ms="2240" status="PASS">
          <reporter-output>
          </reporter-output>
        </test-method> <!-- flightsSearchTest -->
        <test-method is-config="true" signature="sleep()[pri:0, instance:com.umesh.tests.flightreservation.FlightReservationTest@420a85c4]" started-at="2024-08-29T16:10:02 GMT" name="sleep" finished-at="2024-08-29T16:10:05 GMT" duration-ms="3001" status="PASS">
          <reporter-output>
          </reporter-output>
        </test-method> <!-- sleep -->
        <test-method signature="flightsSelectionTest()[pri:0, instance:com.umesh.tests.flightreservation.FlightReservationTest@420a85c4]" started-at="2024-08-29T16:10:05 GMT" name="flightsSelectionTest" finished-at="2024-08-29T16:10:07 GMT" depends-on-methods="com.umesh.tests.flightreservation.FlightReservationTest.flightsSearchTest" duration-ms="2017" status="PASS">
          <reporter-output>
          </reporter-output>
        </test-method> <!-- flightsSelectionTest -->
        <test-method is-config="true" signature="sleep()[pri:0, instance:com.umesh.tests.flightreservation.FlightReservationTest@420a85c4]" started-at="2024-08-29T16:10:07 GMT" name="sleep" finished-at="2024-08-29T16:10:10 GMT" duration-ms="3002" status="PASS">
          <reporter-output>
          </reporter-output>
        </test-method> <!-- sleep -->
        <test-method signature="flightReservationConfirmationTest()[pri:0, instance:com.umesh.tests.flightreservation.FlightReservationTest@420a85c4]" started-at="2024-08-29T16:10:10 GMT" name="flightReservationConfirmationTest" finished-at="2024-08-29T16:10:11 GMT" depends-on-methods="com.umesh.tests.flightreservation.FlightReservationTest.flightsSelectionTest" duration-ms="1296" status="PASS">
          <reporter-output>
          </reporter-output>
        </test-method> <!-- flightReservationConfirmationTest -->
        <test-method is-config="true" signature="sleep()[pri:0, instance:com.umesh.tests.flightreservation.FlightReservationTest@420a85c4]" started-at="2024-08-29T16:10:11 GMT" name="sleep" finished-at="2024-08-29T16:10:14 GMT" duration-ms="3008" status="PASS">
          <reporter-output>
          </reporter-output>
        </test-method> <!-- sleep -->
        <test-method is-config="true" signature="quitDriver()[pri:0, instance:com.umesh.tests.flightreservation.FlightReservationTest@420a85c4]" started-at="2024-08-29T16:10:14 GMT" name="quitDriver" finished-at="2024-08-29T16:10:18 GMT" duration-ms="4032" status="PASS">
          <reporter-output>
          </reporter-output>
        </test-method> <!-- quitDriver -->
      </class> <!-- com.umesh.tests.flightreservation.FlightReservationTest -->
    </test> <!-- passengers-count-1 -->
    <test started-at="2024-08-29T16:10:18 GMT" name="passengers-count-3" finished-at="2024-08-29T16:10:56 GMT" duration-ms="38588">
      <class name="com.umesh.tests.flightreservation.FlightReservationTest">
        <test-method is-config="true" signature="setDriver()[pri:0, instance:com.umesh.tests.flightreservation.FlightReservationTest@58594a11]" started-at="2024-08-29T16:10:18 GMT" name="setDriver" finished-at="2024-08-29T16:10:28 GMT" duration-ms="10632" status="PASS">
          <reporter-output>
          </reporter-output>
        </test-method> <!-- setDriver -->
        <test-method is-config="true" signature="setParameters(java.lang.String)[pri:0, instance:com.umesh.tests.flightreservation.FlightReservationTest@58594a11]" started-at="2024-08-29T16:10:28 GMT" name="setParameters" finished-at="2024-08-29T16:10:29 GMT" depends-on-methods="com.umesh.tests.AbstractTest.setDriver" duration-ms="10" status="PASS">
          <params>
            <param index="0">
              <value>
                <![CDATA[test-data/flight-reservation/passenger-3.json]]>
              </value>
            </param>
          </params>
          <reporter-output>
          </reporter-output>
        </test-method> <!-- setParameters -->
        <test-method signature="userRegistrationTest()[pri:0, instance:com.umesh.tests.flightreservation.FlightReservationTest@58594a11]" started-at="2024-08-29T16:10:29 GMT" name="userRegistrationTest" finished-at="2024-08-29T16:10:37 GMT" duration-ms="8260" status="PASS">
          <reporter-output>
          </reporter-output>
        </test-method> <!-- userRegistrationTest -->
        <test-method is-config="true" signature="sleep()[pri:0, instance:com.umesh.tests.flightreservation.FlightReservationTest@58594a11]" started-at="2024-08-29T16:10:37 GMT" name="sleep" finished-at="2024-08-29T16:10:40 GMT" duration-ms="3003" status="PASS">
          <reporter-output>
          </reporter-output>
        </test-method> <!-- sleep -->
        <test-method signature="registrationConfirmationTest()[pri:0, instance:com.umesh.tests.flightreservation.FlightReservationTest@58594a11]" started-at="2024-08-29T16:10:40 GMT" name="registrationConfirmationTest" finished-at="2024-08-29T16:10:41 GMT" depends-on-methods="com.umesh.tests.flightreservation.FlightReservationTest.userRegistrationTest" duration-ms="946" status="PASS">
          <reporter-output>
          </reporter-output>
        </test-method> <!-- registrationConfirmationTest -->
        <test-method is-config="true" signature="sleep()[pri:0, instance:com.umesh.tests.flightreservation.FlightReservationTest@58594a11]" started-at="2024-08-29T16:10:41 GMT" name="sleep" finished-at="2024-08-29T16:10:44 GMT" duration-ms="3002" status="PASS">
          <reporter-output>
          </reporter-output>
        </test-method> <!-- sleep -->
        <test-method signature="flightsSearchTest()[pri:0, instance:com.umesh.tests.flightreservation.FlightReservationTest@58594a11]" started-at="2024-08-29T16:10:44 GMT" name="flightsSearchTest" finished-at="2024-08-29T16:10:45 GMT" depends-on-methods="com.umesh.tests.flightreservation.FlightReservationTest.registrationConfirmationTest" duration-ms="831" status="PASS">
          <reporter-output>
          </reporter-output>
        </test-method> <!-- flightsSearchTest -->
        <test-method is-config="true" signature="sleep()[pri:0, instance:com.umesh.tests.flightreservation.FlightReservationTest@58594a11]" started-at="2024-08-29T16:10:45 GMT" name="sleep" finished-at="2024-08-29T16:10:48 GMT" duration-ms="3002" status="PASS">
          <reporter-output>
          </reporter-output>
        </test-method> <!-- sleep -->
        <test-method signature="flightsSelectionTest()[pri:0, instance:com.umesh.tests.flightreservation.FlightReservationTest@58594a11]" started-at="2024-08-29T16:10:48 GMT" name="flightsSelectionTest" finished-at="2024-08-29T16:10:49 GMT" depends-on-methods="com.umesh.tests.flightreservation.FlightReservationTest.flightsSearchTest" duration-ms="940" status="PASS">
          <reporter-output>
          </reporter-output>
        </test-method> <!-- flightsSelectionTest -->
        <test-method is-config="true" signature="sleep()[pri:0, instance:com.umesh.tests.flightreservation.FlightReservationTest@58594a11]" started-at="2024-08-29T16:10:49 GMT" name="sleep" finished-at="2024-08-29T16:10:52 GMT" duration-ms="3019" status="PASS">
          <reporter-output>
          </reporter-output>
        </test-method> <!-- sleep -->
        <test-method signature="flightReservationConfirmationTest()[pri:0, instance:com.umesh.tests.flightreservation.FlightReservationTest@58594a11]" started-at="2024-08-29T16:10:52 GMT" name="flightReservationConfirmationTest" finished-at="2024-08-29T16:10:52 GMT" depends-on-methods="com.umesh.tests.flightreservation.FlightReservationTest.flightsSelectionTest" duration-ms="339" status="PASS">
          <reporter-output>
          </reporter-output>
        </test-method> <!-- flightReservationConfirmationTest -->
        <test-method is-config="true" signature="sleep()[pri:0, instance:com.umesh.tests.flightreservation.FlightReservationTest@58594a11]" started-at="2024-08-29T16:10:52 GMT" name="sleep" finished-at="2024-08-29T16:10:55 GMT" duration-ms="3000" status="PASS">
          <reporter-output>
          </reporter-output>
        </test-method> <!-- sleep -->
        <test-method is-config="true" signature="quitDriver()[pri:0, instance:com.umesh.tests.flightreservation.FlightReservationTest@58594a11]" started-at="2024-08-29T16:10:55 GMT" name="quitDriver" finished-at="2024-08-29T16:10:56 GMT" duration-ms="1563" status="PASS">
          <reporter-output>
          </reporter-output>
        </test-method> <!-- quitDriver -->
      </class> <!-- com.umesh.tests.flightreservation.FlightReservationTest -->
    </test> <!-- passengers-count-3 -->
    <test started-at="2024-08-29T16:10:18 GMT" name="passengers-count-4" finished-at="2024-08-29T16:11:03 GMT" duration-ms="44742">
      <class name="com.umesh.tests.flightreservation.FlightReservationTest">
        <test-method is-config="true" signature="setConfig()[pri:0, instance:com.umesh.tests.flightreservation.FlightReservationTest@14fa86ae]" started-at="2024-08-29T16:09:11 GMT" name="setConfig" finished-at="2024-08-29T16:09:11 GMT" duration-ms="72" status="PASS">
          <reporter-output>
          </reporter-output>
        </test-method> <!-- setConfig -->
        <test-method is-config="true" signature="setDriver()[pri:0, instance:com.umesh.tests.flightreservation.FlightReservationTest@14fa86ae]" started-at="2024-08-29T16:10:18 GMT" name="setDriver" finished-at="2024-08-29T16:10:36 GMT" duration-ms="18361" status="PASS">
          <reporter-output>
          </reporter-output>
        </test-method> <!-- setDriver -->
        <test-method is-config="true" signature="setParameters(java.lang.String)[pri:0, instance:com.umesh.tests.flightreservation.FlightReservationTest@14fa86ae]" started-at="2024-08-29T16:10:36 GMT" name="setParameters" finished-at="2024-08-29T16:10:36 GMT" depends-on-methods="com.umesh.tests.AbstractTest.setDriver" duration-ms="4" status="PASS">
          <params>
            <param index="0">
              <value>
                <![CDATA[test-data/flight-reservation/passenger-4.json]]>
              </value>
            </param>
          </params>
          <reporter-output>
          </reporter-output>
        </test-method> <!-- setParameters -->
        <test-method signature="userRegistrationTest()[pri:0, instance:com.umesh.tests.flightreservation.FlightReservationTest@14fa86ae]" started-at="2024-08-29T16:10:36 GMT" name="userRegistrationTest" finished-at="2024-08-29T16:10:43 GMT" duration-ms="6236" status="PASS">
          <reporter-output>
          </reporter-output>
        </test-method> <!-- userRegistrationTest -->
        <test-method is-config="true" signature="sleep()[pri:0, instance:com.umesh.tests.flightreservation.FlightReservationTest@14fa86ae]" started-at="2024-08-29T16:10:43 GMT" name="sleep" finished-at="2024-08-29T16:10:46 GMT" duration-ms="3010" status="PASS">
          <reporter-output>
          </reporter-output>
        </test-method> <!-- sleep -->
        <test-method signature="registrationConfirmationTest()[pri:0, instance:com.umesh.tests.flightreservation.FlightReservationTest@14fa86ae]" started-at="2024-08-29T16:10:46 GMT" name="registrationConfirmationTest" finished-at="2024-08-29T16:10:46 GMT" depends-on-methods="com.umesh.tests.flightreservation.FlightReservationTest.userRegistrationTest" duration-ms="440" status="PASS">
          <reporter-output>
          </reporter-output>
        </test-method> <!-- registrationConfirmationTest -->
        <test-method is-config="true" signature="sleep()[pri:0, instance:com.umesh.tests.flightreservation.FlightReservationTest@14fa86ae]" started-at="2024-08-29T16:10:46 GMT" name="sleep" finished-at="2024-08-29T16:10:49 GMT" duration-ms="3009" status="PASS">
          <reporter-output>
          </reporter-output>
        </test-method> <!-- sleep -->
        <test-method signature="flightsSearchTest()[pri:0, instance:com.umesh.tests.flightreservation.FlightReservationTest@14fa86ae]" started-at="2024-08-29T16:10:49 GMT" name="flightsSearchTest" finished-at="2024-08-29T16:10:50 GMT" depends-on-methods="com.umesh.tests.flightreservation.FlightReservationTest.registrationConfirmationTest" duration-ms="929" status="PASS">
          <reporter-output>
          </reporter-output>
        </test-method> <!-- flightsSearchTest -->
        <test-method is-config="true" signature="sleep()[pri:0, instance:com.umesh.tests.flightreservation.FlightReservationTest@14fa86ae]" started-at="2024-08-29T16:10:50 GMT" name="sleep" finished-at="2024-08-29T16:10:53 GMT" duration-ms="3002" status="PASS">
          <reporter-output>
          </reporter-output>
        </test-method> <!-- sleep -->
        <test-method signature="flightsSelectionTest()[pri:0, instance:com.umesh.tests.flightreservation.FlightReservationTest@14fa86ae]" started-at="2024-08-29T16:10:53 GMT" name="flightsSelectionTest" finished-at="2024-08-29T16:10:54 GMT" depends-on-methods="com.umesh.tests.flightreservation.FlightReservationTest.flightsSearchTest" duration-ms="1104" status="PASS">
          <reporter-output>
          </reporter-output>
        </test-method> <!-- flightsSelectionTest -->
        <test-method is-config="true" signature="sleep()[pri:0, instance:com.umesh.tests.flightreservation.FlightReservationTest@14fa86ae]" started-at="2024-08-29T16:10:54 GMT" name="sleep" finished-at="2024-08-29T16:10:57 GMT" duration-ms="3001" status="PASS">
          <reporter-output>
          </reporter-output>
        </test-method> <!-- sleep -->
        <test-method signature="flightReservationConfirmationTest()[pri:0, instance:com.umesh.tests.flightreservation.FlightReservationTest@14fa86ae]" started-at="2024-08-29T16:10:57 GMT" name="flightReservationConfirmationTest" finished-at="2024-08-29T16:10:58 GMT" depends-on-methods="com.umesh.tests.flightreservation.FlightReservationTest.flightsSelectionTest" duration-ms="465" status="PASS">
          <reporter-output>
          </reporter-output>
        </test-method> <!-- flightReservationConfirmationTest -->
        <test-method is-config="true" signature="sleep()[pri:0, instance:com.umesh.tests.flightreservation.FlightReservationTest@14fa86ae]" started-at="2024-08-29T16:10:58 GMT" name="sleep" finished-at="2024-08-29T16:11:01 GMT" duration-ms="3014" status="PASS">
          <reporter-output>
          </reporter-output>
        </test-method> <!-- sleep -->
        <test-method is-config="true" signature="quitDriver()[pri:0, instance:com.umesh.tests.flightreservation.FlightReservationTest@14fa86ae]" started-at="2024-08-29T16:11:01 GMT" name="quitDriver" finished-at="2024-08-29T16:11:03 GMT" duration-ms="2138" status="PASS">
          <reporter-output>
          </reporter-output>
        </test-method> <!-- quitDriver -->
      </class> <!-- com.umesh.tests.flightreservation.FlightReservationTest -->
    </test> <!-- passengers-count-4 -->
  </suite> <!-- flight-reservation -->
</testng-results>
