<?xml version="1.0" encoding="UTF-8"?>
<testng-results ignored="0" total="20" passed="20" failed="0" skipped="0">
  <reporter-output>
  </reporter-output>
  <suite started-at="2024-08-29T14:36:46 GMT" name="flight-reservation" finished-at="2024-08-29T14:38:37 GMT" duration-ms="111496">
    <groups>
    </groups>
    <test started-at="2024-08-29T14:36:46 GMT" name="passengers-count-2" finished-at="2024-08-29T14:37:50 GMT" duration-ms="64419">
      <class name="com.umesh.tests.flightreservation.FlightReservationTest">
        <test-method is-config="true" signature="setDriver()[pri:0, instance:com.umesh.tests.flightreservation.FlightReservationTest@4f74980d]" started-at="2024-08-29T14:36:46 GMT" name="setDriver" finished-at="2024-08-29T14:36:58 GMT" duration-ms="12733" status="PASS">
          <reporter-output>
          </reporter-output>
        </test-method> <!-- setDriver -->
        <test-method is-config="true" signature="setParameters(java.lang.String)[pri:0, instance:com.umesh.tests.flightreservation.FlightReservationTest@4f74980d]" started-at="2024-08-29T14:36:58 GMT" name="setParameters" finished-at="2024-08-29T14:36:59 GMT" depends-on-methods="com.umesh.tests.AbstractTest.setDriver" duration-ms="927" status="PASS">
          <params>
            <param index="0">
              <value>
                <![CDATA[test-data/flight-reservation/passenger-2.json]]>
              </value>
            </param>
          </params>
          <reporter-output>
          </reporter-output>
        </test-method> <!-- setParameters -->
        <test-method signature="userRegistrationTest()[pri:0, instance:com.umesh.tests.flightreservation.FlightReservationTest@4f74980d]" started-at="2024-08-29T14:36:59 GMT" name="userRegistrationTest" finished-at="2024-08-29T14:37:23 GMT" duration-ms="23926" status="PASS">
          <reporter-output>
          </reporter-output>
        </test-method> <!-- userRegistrationTest -->
        <test-method is-config="true" signature="sleep()[pri:0, instance:com.umesh.tests.flightreservation.FlightReservationTest@4f74980d]" started-at="2024-08-29T14:37:23 GMT" name="sleep" finished-at="2024-08-29T14:37:26 GMT" duration-ms="3005" status="PASS">
          <reporter-output>
          </reporter-output>
        </test-method> <!-- sleep -->
        <test-method signature="registrationConfirmationTest()[pri:0, instance:com.umesh.tests.flightreservation.FlightReservationTest@4f74980d]" started-at="2024-08-29T14:37:26 GMT" name="registrationConfirmationTest" finished-at="2024-08-29T14:37:29 GMT" depends-on-methods="com.umesh.tests.flightreservation.FlightReservationTest.userRegistrationTest" duration-ms="2664" status="PASS">
          <reporter-output>
          </reporter-output>
        </test-method> <!-- registrationConfirmationTest -->
        <test-method is-config="true" signature="sleep()[pri:0, instance:com.umesh.tests.flightreservation.FlightReservationTest@4f74980d]" started-at="2024-08-29T14:37:29 GMT" name="sleep" finished-at="2024-08-29T14:37:32 GMT" duration-ms="3002" status="PASS">
          <reporter-output>
          </reporter-output>
        </test-method> <!-- sleep -->
        <test-method signature="flightsSearchTest()[pri:0, instance:com.umesh.tests.flightreservation.FlightReservationTest@4f74980d]" started-at="2024-08-29T14:37:32 GMT" name="flightsSearchTest" finished-at="2024-08-29T14:37:36 GMT" depends-on-methods="com.umesh.tests.flightreservation.FlightReservationTest.registrationConfirmationTest" duration-ms="4122" status="PASS">
          <reporter-output>
          </reporter-output>
        </test-method> <!-- flightsSearchTest -->
        <test-method is-config="true" signature="sleep()[pri:0, instance:com.umesh.tests.flightreservation.FlightReservationTest@4f74980d]" started-at="2024-08-29T14:37:36 GMT" name="sleep" finished-at="2024-08-29T14:37:39 GMT" duration-ms="3002" status="PASS">
          <reporter-output>
          </reporter-output>
        </test-method> <!-- sleep -->
        <test-method signature="flightsSelectionTest()[pri:0, instance:com.umesh.tests.flightreservation.FlightReservationTest@4f74980d]" started-at="2024-08-29T14:37:39 GMT" name="flightsSelectionTest" finished-at="2024-08-29T14:37:43 GMT" depends-on-methods="com.umesh.tests.flightreservation.FlightReservationTest.flightsSearchTest" duration-ms="3405" status="PASS">
          <reporter-output>
          </reporter-output>
        </test-method> <!-- flightsSelectionTest -->
        <test-method is-config="true" signature="sleep()[pri:0, instance:com.umesh.tests.flightreservation.FlightReservationTest@4f74980d]" started-at="2024-08-29T14:37:43 GMT" name="sleep" finished-at="2024-08-29T14:37:46 GMT" duration-ms="3003" status="PASS">
          <reporter-output>
          </reporter-output>
        </test-method> <!-- sleep -->
        <test-method signature="flightReservationConfirmationTest()[pri:0, instance:com.umesh.tests.flightreservation.FlightReservationTest@4f74980d]" started-at="2024-08-29T14:37:46 GMT" name="flightReservationConfirmationTest" finished-at="2024-08-29T14:37:47 GMT" depends-on-methods="com.umesh.tests.flightreservation.FlightReservationTest.flightsSelectionTest" duration-ms="966" status="PASS">
          <reporter-output>
          </reporter-output>
        </test-method> <!-- flightReservationConfirmationTest -->
        <test-method is-config="true" signature="sleep()[pri:0, instance:com.umesh.tests.flightreservation.FlightReservationTest@4f74980d]" started-at="2024-08-29T14:37:47 GMT" name="sleep" finished-at="2024-08-29T14:37:50 GMT" duration-ms="3004" status="PASS">
          <reporter-output>
          </reporter-output>
        </test-method> <!-- sleep -->
        <test-method is-config="true" signature="quitDriver()[pri:0, instance:com.umesh.tests.flightreservation.FlightReservationTest@4f74980d]" started-at="2024-08-29T14:37:50 GMT" name="quitDriver" finished-at="2024-08-29T14:37:50 GMT" duration-ms="399" status="PASS">
          <reporter-output>
          </reporter-output>
        </test-method> <!-- quitDriver -->
      </class> <!-- com.umesh.tests.flightreservation.FlightReservationTest -->
    </test> <!-- passengers-count-2 -->
    <test started-at="2024-08-29T14:36:46 GMT" name="passengers-count-1" finished-at="2024-08-29T14:37:51 GMT" duration-ms="64926">
      <class name="com.umesh.tests.flightreservation.FlightReservationTest">
        <test-method is-config="true" signature="setDriver()[pri:0, instance:com.umesh.tests.flightreservation.FlightReservationTest@4bf48f6]" started-at="2024-08-29T14:36:46 GMT" name="setDriver" finished-at="2024-08-29T14:36:58 GMT" duration-ms="12738" status="PASS">
          <reporter-output>
          </reporter-output>
        </test-method> <!-- setDriver -->
        <test-method is-config="true" signature="setParameters(java.lang.String)[pri:0, instance:com.umesh.tests.flightreservation.FlightReservationTest@4bf48f6]" started-at="2024-08-29T14:36:58 GMT" name="setParameters" finished-at="2024-08-29T14:36:59 GMT" depends-on-methods="com.umesh.tests.AbstractTest.setDriver" duration-ms="936" status="PASS">
          <params>
            <param index="0">
              <value>
                <![CDATA[test-data/flight-reservation/passenger-1.json]]>
              </value>
            </param>
          </params>
          <reporter-output>
          </reporter-output>
        </test-method> <!-- setParameters -->
        <test-method signature="userRegistrationTest()[pri:0, instance:com.umesh.tests.flightreservation.FlightReservationTest@4bf48f6]" started-at="2024-08-29T14:36:59 GMT" name="userRegistrationTest" finished-at="2024-08-29T14:37:24 GMT" duration-ms="24726" status="PASS">
          <reporter-output>
          </reporter-output>
        </test-method> <!-- userRegistrationTest -->
        <test-method is-config="true" signature="sleep()[pri:0, instance:com.umesh.tests.flightreservation.FlightReservationTest@4bf48f6]" started-at="2024-08-29T14:37:24 GMT" name="sleep" finished-at="2024-08-29T14:37:27 GMT" duration-ms="3012" status="PASS">
          <reporter-output>
          </reporter-output>
        </test-method> <!-- sleep -->
        <test-method signature="registrationConfirmationTest()[pri:0, instance:com.umesh.tests.flightreservation.FlightReservationTest@4bf48f6]" started-at="2024-08-29T14:37:27 GMT" name="registrationConfirmationTest" finished-at="2024-08-29T14:37:30 GMT" depends-on-methods="com.umesh.tests.flightreservation.FlightReservationTest.userRegistrationTest" duration-ms="2610" status="PASS">
          <reporter-output>
          </reporter-output>
        </test-method> <!-- registrationConfirmationTest -->
        <test-method is-config="true" signature="sleep()[pri:0, instance:com.umesh.tests.flightreservation.FlightReservationTest@4bf48f6]" started-at="2024-08-29T14:37:30 GMT" name="sleep" finished-at="2024-08-29T14:37:33 GMT" duration-ms="3002" status="PASS">
          <reporter-output>
          </reporter-output>
        </test-method> <!-- sleep -->
        <test-method signature="flightsSearchTest()[pri:0, instance:com.umesh.tests.flightreservation.FlightReservationTest@4bf48f6]" started-at="2024-08-29T14:37:33 GMT" name="flightsSearchTest" finished-at="2024-08-29T14:37:37 GMT" depends-on-methods="com.umesh.tests.flightreservation.FlightReservationTest.registrationConfirmationTest" duration-ms="3860" status="PASS">
          <reporter-output>
          </reporter-output>
        </test-method> <!-- flightsSearchTest -->
        <test-method is-config="true" signature="sleep()[pri:0, instance:com.umesh.tests.flightreservation.FlightReservationTest@4bf48f6]" started-at="2024-08-29T14:37:37 GMT" name="sleep" finished-at="2024-08-29T14:37:40 GMT" duration-ms="3009" status="PASS">
          <reporter-output>
          </reporter-output>
        </test-method> <!-- sleep -->
        <test-method signature="flightsSelectionTest()[pri:0, instance:com.umesh.tests.flightreservation.FlightReservationTest@4bf48f6]" started-at="2024-08-29T14:37:40 GMT" name="flightsSelectionTest" finished-at="2024-08-29T14:37:43 GMT" depends-on-methods="com.umesh.tests.flightreservation.FlightReservationTest.flightsSearchTest" duration-ms="3795" status="PASS">
          <reporter-output>
          </reporter-output>
        </test-method> <!-- flightsSelectionTest -->
        <test-method is-config="true" signature="sleep()[pri:0, instance:com.umesh.tests.flightreservation.FlightReservationTest@4bf48f6]" started-at="2024-08-29T14:37:43 GMT" name="sleep" finished-at="2024-08-29T14:37:46 GMT" duration-ms="3001" status="PASS">
          <reporter-output>
          </reporter-output>
        </test-method> <!-- sleep -->
        <test-method signature="flightReservationConfirmationTest()[pri:0, instance:com.umesh.tests.flightreservation.FlightReservationTest@4bf48f6]" started-at="2024-08-29T14:37:47 GMT" name="flightReservationConfirmationTest" finished-at="2024-08-29T14:37:47 GMT" depends-on-methods="com.umesh.tests.flightreservation.FlightReservationTest.flightsSelectionTest" duration-ms="709" status="PASS">
          <reporter-output>
          </reporter-output>
        </test-method> <!-- flightReservationConfirmationTest -->
        <test-method is-config="true" signature="sleep()[pri:0, instance:com.umesh.tests.flightreservation.FlightReservationTest@4bf48f6]" started-at="2024-08-29T14:37:47 GMT" name="sleep" finished-at="2024-08-29T14:37:50 GMT" duration-ms="3003" status="PASS">
          <reporter-output>
          </reporter-output>
        </test-method> <!-- sleep -->
        <test-method is-config="true" signature="quitDriver()[pri:0, instance:com.umesh.tests.flightreservation.FlightReservationTest@4bf48f6]" started-at="2024-08-29T14:37:50 GMT" name="quitDriver" finished-at="2024-08-29T14:37:51 GMT" duration-ms="300" status="PASS">
          <reporter-output>
          </reporter-output>
        </test-method> <!-- quitDriver -->
      </class> <!-- com.umesh.tests.flightreservation.FlightReservationTest -->
    </test> <!-- passengers-count-1 -->
    <test started-at="2024-08-29T14:37:50 GMT" name="passengers-count-3" finished-at="2024-08-29T14:38:36 GMT" duration-ms="45841">
      <class name="com.umesh.tests.flightreservation.FlightReservationTest">
        <test-method is-config="true" signature="setDriver()[pri:0, instance:com.umesh.tests.flightreservation.FlightReservationTest@58594a11]" started-at="2024-08-29T14:37:50 GMT" name="setDriver" finished-at="2024-08-29T14:37:55 GMT" duration-ms="4597" status="PASS">
          <reporter-output>
          </reporter-output>
        </test-method> <!-- setDriver -->
        <test-method is-config="true" signature="setParameters(java.lang.String)[pri:0, instance:com.umesh.tests.flightreservation.FlightReservationTest@58594a11]" started-at="2024-08-29T14:37:55 GMT" name="setParameters" finished-at="2024-08-29T14:37:55 GMT" depends-on-methods="com.umesh.tests.AbstractTest.setDriver" duration-ms="23" status="PASS">
          <params>
            <param index="0">
              <value>
                <![CDATA[test-data/flight-reservation/passenger-3.json]]>
              </value>
            </param>
          </params>
          <reporter-output>
          </reporter-output>
        </test-method> <!-- setParameters -->
        <test-method signature="userRegistrationTest()[pri:0, instance:com.umesh.tests.flightreservation.FlightReservationTest@58594a11]" started-at="2024-08-29T14:37:55 GMT" name="userRegistrationTest" finished-at="2024-08-29T14:38:15 GMT" duration-ms="20568" status="PASS">
          <reporter-output>
          </reporter-output>
        </test-method> <!-- userRegistrationTest -->
        <test-method is-config="true" signature="sleep()[pri:0, instance:com.umesh.tests.flightreservation.FlightReservationTest@58594a11]" started-at="2024-08-29T14:38:15 GMT" name="sleep" finished-at="2024-08-29T14:38:18 GMT" duration-ms="3002" status="PASS">
          <reporter-output>
          </reporter-output>
        </test-method> <!-- sleep -->
        <test-method signature="registrationConfirmationTest()[pri:0, instance:com.umesh.tests.flightreservation.FlightReservationTest@58594a11]" started-at="2024-08-29T14:38:18 GMT" name="registrationConfirmationTest" finished-at="2024-08-29T14:38:19 GMT" depends-on-methods="com.umesh.tests.flightreservation.FlightReservationTest.userRegistrationTest" duration-ms="823" status="PASS">
          <reporter-output>
          </reporter-output>
        </test-method> <!-- registrationConfirmationTest -->
        <test-method is-config="true" signature="sleep()[pri:0, instance:com.umesh.tests.flightreservation.FlightReservationTest@58594a11]" started-at="2024-08-29T14:38:19 GMT" name="sleep" finished-at="2024-08-29T14:38:22 GMT" duration-ms="3002" status="PASS">
          <reporter-output>
          </reporter-output>
        </test-method> <!-- sleep -->
        <test-method signature="flightsSearchTest()[pri:0, instance:com.umesh.tests.flightreservation.FlightReservationTest@58594a11]" started-at="2024-08-29T14:38:22 GMT" name="flightsSearchTest" finished-at="2024-08-29T14:38:25 GMT" depends-on-methods="com.umesh.tests.flightreservation.FlightReservationTest.registrationConfirmationTest" duration-ms="2400" status="PASS">
          <reporter-output>
          </reporter-output>
        </test-method> <!-- flightsSearchTest -->
        <test-method is-config="true" signature="sleep()[pri:0, instance:com.umesh.tests.flightreservation.FlightReservationTest@58594a11]" started-at="2024-08-29T14:38:25 GMT" name="sleep" finished-at="2024-08-29T14:38:28 GMT" duration-ms="3002" status="PASS">
          <reporter-output>
          </reporter-output>
        </test-method> <!-- sleep -->
        <test-method signature="flightsSelectionTest()[pri:0, instance:com.umesh.tests.flightreservation.FlightReservationTest@58594a11]" started-at="2024-08-29T14:38:28 GMT" name="flightsSelectionTest" finished-at="2024-08-29T14:38:29 GMT" depends-on-methods="com.umesh.tests.flightreservation.FlightReservationTest.flightsSearchTest" duration-ms="1803" status="PASS">
          <reporter-output>
          </reporter-output>
        </test-method> <!-- flightsSelectionTest -->
        <test-method is-config="true" signature="sleep()[pri:0, instance:com.umesh.tests.flightreservation.FlightReservationTest@58594a11]" started-at="2024-08-29T14:38:29 GMT" name="sleep" finished-at="2024-08-29T14:38:32 GMT" duration-ms="3002" status="PASS">
          <reporter-output>
          </reporter-output>
        </test-method> <!-- sleep -->
        <test-method signature="flightReservationConfirmationTest()[pri:0, instance:com.umesh.tests.flightreservation.FlightReservationTest@58594a11]" started-at="2024-08-29T14:38:32 GMT" name="flightReservationConfirmationTest" finished-at="2024-08-29T14:38:33 GMT" depends-on-methods="com.umesh.tests.flightreservation.FlightReservationTest.flightsSelectionTest" duration-ms="473" status="PASS">
          <reporter-output>
          </reporter-output>
        </test-method> <!-- flightReservationConfirmationTest -->
        <test-method is-config="true" signature="sleep()[pri:0, instance:com.umesh.tests.flightreservation.FlightReservationTest@58594a11]" started-at="2024-08-29T14:38:33 GMT" name="sleep" finished-at="2024-08-29T14:38:36 GMT" duration-ms="3004" status="PASS">
          <reporter-output>
          </reporter-output>
        </test-method> <!-- sleep -->
        <test-method is-config="true" signature="quitDriver()[pri:0, instance:com.umesh.tests.flightreservation.FlightReservationTest@58594a11]" started-at="2024-08-29T14:38:36 GMT" name="quitDriver" finished-at="2024-08-29T14:38:36 GMT" duration-ms="109" status="PASS">
          <reporter-output>
          </reporter-output>
        </test-method> <!-- quitDriver -->
      </class> <!-- com.umesh.tests.flightreservation.FlightReservationTest -->
    </test> <!-- passengers-count-3 -->
    <test started-at="2024-08-29T14:37:51 GMT" name="passengers-count-4" finished-at="2024-08-29T14:38:37 GMT" duration-ms="46441">
      <class name="com.umesh.tests.flightreservation.FlightReservationTest">
        <test-method is-config="true" signature="setConfig()[pri:0, instance:com.umesh.tests.flightreservation.FlightReservationTest@14fa86ae]" started-at="2024-08-29T14:36:45 GMT" name="setConfig" finished-at="2024-08-29T14:36:46 GMT" duration-ms="72" status="PASS">
          <reporter-output>
          </reporter-output>
        </test-method> <!-- setConfig -->
        <test-method is-config="true" signature="setDriver()[pri:0, instance:com.umesh.tests.flightreservation.FlightReservationTest@14fa86ae]" started-at="2024-08-29T14:37:51 GMT" name="setDriver" finished-at="2024-08-29T14:37:57 GMT" duration-ms="6013" status="PASS">
          <reporter-output>
          </reporter-output>
        </test-method> <!-- setDriver -->
        <test-method is-config="true" signature="setParameters(java.lang.String)[pri:0, instance:com.umesh.tests.flightreservation.FlightReservationTest@14fa86ae]" started-at="2024-08-29T14:37:57 GMT" name="setParameters" finished-at="2024-08-29T14:37:57 GMT" depends-on-methods="com.umesh.tests.AbstractTest.setDriver" duration-ms="16" status="PASS">
          <params>
            <param index="0">
              <value>
                <![CDATA[test-data/flight-reservation/passenger-4.json]]>
              </value>
            </param>
          </params>
          <reporter-output>
          </reporter-output>
        </test-method> <!-- setParameters -->
        <test-method signature="userRegistrationTest()[pri:0, instance:com.umesh.tests.flightreservation.FlightReservationTest@14fa86ae]" started-at="2024-08-29T14:37:57 GMT" name="userRegistrationTest" finished-at="2024-08-29T14:38:16 GMT" duration-ms="19700" status="PASS">
          <reporter-output>
          </reporter-output>
        </test-method> <!-- userRegistrationTest -->
        <test-method is-config="true" signature="sleep()[pri:0, instance:com.umesh.tests.flightreservation.FlightReservationTest@14fa86ae]" started-at="2024-08-29T14:38:16 GMT" name="sleep" finished-at="2024-08-29T14:38:19 GMT" duration-ms="3004" status="PASS">
          <reporter-output>
          </reporter-output>
        </test-method> <!-- sleep -->
        <test-method signature="registrationConfirmationTest()[pri:0, instance:com.umesh.tests.flightreservation.FlightReservationTest@14fa86ae]" started-at="2024-08-29T14:38:19 GMT" name="registrationConfirmationTest" finished-at="2024-08-29T14:38:21 GMT" depends-on-methods="com.umesh.tests.flightreservation.FlightReservationTest.userRegistrationTest" duration-ms="1497" status="PASS">
          <reporter-output>
          </reporter-output>
        </test-method> <!-- registrationConfirmationTest -->
        <test-method is-config="true" signature="sleep()[pri:0, instance:com.umesh.tests.flightreservation.FlightReservationTest@14fa86ae]" started-at="2024-08-29T14:38:21 GMT" name="sleep" finished-at="2024-08-29T14:38:24 GMT" duration-ms="3011" status="PASS">
          <reporter-output>
          </reporter-output>
        </test-method> <!-- sleep -->
        <test-method signature="flightsSearchTest()[pri:0, instance:com.umesh.tests.flightreservation.FlightReservationTest@14fa86ae]" started-at="2024-08-29T14:38:24 GMT" name="flightsSearchTest" finished-at="2024-08-29T14:38:26 GMT" depends-on-methods="com.umesh.tests.flightreservation.FlightReservationTest.registrationConfirmationTest" duration-ms="1682" status="PASS">
          <reporter-output>
          </reporter-output>
        </test-method> <!-- flightsSearchTest -->
        <test-method is-config="true" signature="sleep()[pri:0, instance:com.umesh.tests.flightreservation.FlightReservationTest@14fa86ae]" started-at="2024-08-29T14:38:26 GMT" name="sleep" finished-at="2024-08-29T14:38:29 GMT" duration-ms="3002" status="PASS">
          <reporter-output>
          </reporter-output>
        </test-method> <!-- sleep -->
        <test-method signature="flightsSelectionTest()[pri:0, instance:com.umesh.tests.flightreservation.FlightReservationTest@14fa86ae]" started-at="2024-08-29T14:38:29 GMT" name="flightsSelectionTest" finished-at="2024-08-29T14:38:30 GMT" depends-on-methods="com.umesh.tests.flightreservation.FlightReservationTest.flightsSearchTest" duration-ms="1878" status="PASS">
          <reporter-output>
          </reporter-output>
        </test-method> <!-- flightsSelectionTest -->
        <test-method is-config="true" signature="sleep()[pri:0, instance:com.umesh.tests.flightreservation.FlightReservationTest@14fa86ae]" started-at="2024-08-29T14:38:30 GMT" name="sleep" finished-at="2024-08-29T14:38:33 GMT" duration-ms="3007" status="PASS">
          <reporter-output>
          </reporter-output>
        </test-method> <!-- sleep -->
        <test-method signature="flightReservationConfirmationTest()[pri:0, instance:com.umesh.tests.flightreservation.FlightReservationTest@14fa86ae]" started-at="2024-08-29T14:38:33 GMT" name="flightReservationConfirmationTest" finished-at="2024-08-29T14:38:34 GMT" depends-on-methods="com.umesh.tests.flightreservation.FlightReservationTest.flightsSelectionTest" duration-ms="474" status="PASS">
          <reporter-output>
          </reporter-output>
        </test-method> <!-- flightReservationConfirmationTest -->
        <test-method is-config="true" signature="sleep()[pri:0, instance:com.umesh.tests.flightreservation.FlightReservationTest@14fa86ae]" started-at="2024-08-29T14:38:34 GMT" name="sleep" finished-at="2024-08-29T14:38:37 GMT" duration-ms="3002" status="PASS">
          <reporter-output>
          </reporter-output>
        </test-method> <!-- sleep -->
        <test-method is-config="true" signature="quitDriver()[pri:0, instance:com.umesh.tests.flightreservation.FlightReservationTest@14fa86ae]" started-at="2024-08-29T14:38:37 GMT" name="quitDriver" finished-at="2024-08-29T14:38:37 GMT" duration-ms="127" status="PASS">
          <reporter-output>
          </reporter-output>
        </test-method> <!-- quitDriver -->
      </class> <!-- com.umesh.tests.flightreservation.FlightReservationTest -->
    </test> <!-- passengers-count-4 -->
  </suite> <!-- flight-reservation -->
</testng-results>
