<?xml version="1.0" encoding="UTF-8"?>
<testng-results ignored="0" total="20" passed="20" failed="0" skipped="0">
  <reporter-output>
  </reporter-output>
  <suite started-at="2024-08-29T14:49:54 GMT" name="flight-reservation" finished-at="2024-08-29T14:52:09 GMT" duration-ms="135148">
    <groups>
    </groups>
    <test started-at="2024-08-29T14:49:54 GMT" name="passengers-count-2" finished-at="2024-08-29T14:51:15 GMT" duration-ms="80999">
      <class name="com.umesh.tests.flightreservation.FlightReservationTest">
        <test-method is-config="true" signature="setDriver()[pri:0, instance:com.umesh.tests.flightreservation.FlightReservationTest@4f74980d]" started-at="2024-08-29T14:49:54 GMT" name="setDriver" finished-at="2024-08-29T14:50:12 GMT" duration-ms="17771" status="PASS">
          <reporter-output>
          </reporter-output>
        </test-method> <!-- setDriver -->
        <test-method is-config="true" signature="setParameters(java.lang.String)[pri:0, instance:com.umesh.tests.flightreservation.FlightReservationTest@4f74980d]" started-at="2024-08-29T14:50:12 GMT" name="setParameters" finished-at="2024-08-29T14:50:13 GMT" depends-on-methods="com.umesh.tests.AbstractTest.setDriver" duration-ms="1320" status="PASS">
          <params>
            <param index="0">
              <value>
                <![CDATA[test-data/flight-reservation/passenger-2.json]]>
              </value>
            </param>
          </params>
          <reporter-output>
          </reporter-output>
        </test-method> <!-- setParameters -->
        <test-method signature="userRegistrationTest()[pri:0, instance:com.umesh.tests.flightreservation.FlightReservationTest@4f74980d]" started-at="2024-08-29T14:50:13 GMT" name="userRegistrationTest" finished-at="2024-08-29T14:50:47 GMT" duration-ms="33582" status="PASS">
          <reporter-output>
          </reporter-output>
        </test-method> <!-- userRegistrationTest -->
        <test-method is-config="true" signature="sleep()[pri:0, instance:com.umesh.tests.flightreservation.FlightReservationTest@4f74980d]" started-at="2024-08-29T14:50:47 GMT" name="sleep" finished-at="2024-08-29T14:50:50 GMT" duration-ms="3003" status="PASS">
          <reporter-output>
          </reporter-output>
        </test-method> <!-- sleep -->
        <test-method signature="registrationConfirmationTest()[pri:0, instance:com.umesh.tests.flightreservation.FlightReservationTest@4f74980d]" started-at="2024-08-29T14:50:50 GMT" name="registrationConfirmationTest" finished-at="2024-08-29T14:50:52 GMT" depends-on-methods="com.umesh.tests.flightreservation.FlightReservationTest.userRegistrationTest" duration-ms="2582" status="PASS">
          <reporter-output>
          </reporter-output>
        </test-method> <!-- registrationConfirmationTest -->
        <test-method is-config="true" signature="sleep()[pri:0, instance:com.umesh.tests.flightreservation.FlightReservationTest@4f74980d]" started-at="2024-08-29T14:50:52 GMT" name="sleep" finished-at="2024-08-29T14:50:55 GMT" duration-ms="3002" status="PASS">
          <reporter-output>
          </reporter-output>
        </test-method> <!-- sleep -->
        <test-method signature="flightsSearchTest()[pri:0, instance:com.umesh.tests.flightreservation.FlightReservationTest@4f74980d]" started-at="2024-08-29T14:50:55 GMT" name="flightsSearchTest" finished-at="2024-08-29T14:51:00 GMT" depends-on-methods="com.umesh.tests.flightreservation.FlightReservationTest.registrationConfirmationTest" duration-ms="4666" status="PASS">
          <reporter-output>
          </reporter-output>
        </test-method> <!-- flightsSearchTest -->
        <test-method is-config="true" signature="sleep()[pri:0, instance:com.umesh.tests.flightreservation.FlightReservationTest@4f74980d]" started-at="2024-08-29T14:51:00 GMT" name="sleep" finished-at="2024-08-29T14:51:03 GMT" duration-ms="3009" status="PASS">
          <reporter-output>
          </reporter-output>
        </test-method> <!-- sleep -->
        <test-method signature="flightsSelectionTest()[pri:0, instance:com.umesh.tests.flightreservation.FlightReservationTest@4f74980d]" started-at="2024-08-29T14:51:03 GMT" name="flightsSelectionTest" finished-at="2024-08-29T14:51:07 GMT" depends-on-methods="com.umesh.tests.flightreservation.FlightReservationTest.flightsSearchTest" duration-ms="3738" status="PASS">
          <reporter-output>
          </reporter-output>
        </test-method> <!-- flightsSelectionTest -->
        <test-method is-config="true" signature="sleep()[pri:0, instance:com.umesh.tests.flightreservation.FlightReservationTest@4f74980d]" started-at="2024-08-29T14:51:07 GMT" name="sleep" finished-at="2024-08-29T14:51:10 GMT" duration-ms="3001" status="PASS">
          <reporter-output>
          </reporter-output>
        </test-method> <!-- sleep -->
        <test-method signature="flightReservationConfirmationTest()[pri:0, instance:com.umesh.tests.flightreservation.FlightReservationTest@4f74980d]" started-at="2024-08-29T14:51:10 GMT" name="flightReservationConfirmationTest" finished-at="2024-08-29T14:51:12 GMT" depends-on-methods="com.umesh.tests.flightreservation.FlightReservationTest.flightsSelectionTest" duration-ms="1911" status="PASS">
          <reporter-output>
          </reporter-output>
        </test-method> <!-- flightReservationConfirmationTest -->
        <test-method is-config="true" signature="sleep()[pri:0, instance:com.umesh.tests.flightreservation.FlightReservationTest@4f74980d]" started-at="2024-08-29T14:51:12 GMT" name="sleep" finished-at="2024-08-29T14:51:15 GMT" duration-ms="3006" status="PASS">
          <reporter-output>
          </reporter-output>
        </test-method> <!-- sleep -->
        <test-method is-config="true" signature="quitDriver()[pri:0, instance:com.umesh.tests.flightreservation.FlightReservationTest@4f74980d]" started-at="2024-08-29T14:51:15 GMT" name="quitDriver" finished-at="2024-08-29T14:51:15 GMT" duration-ms="148" status="PASS">
          <reporter-output>
          </reporter-output>
        </test-method> <!-- quitDriver -->
      </class> <!-- com.umesh.tests.flightreservation.FlightReservationTest -->
    </test> <!-- passengers-count-2 -->
    <test started-at="2024-08-29T14:49:54 GMT" name="passengers-count-1" finished-at="2024-08-29T14:51:17 GMT" duration-ms="82681">
      <class name="com.umesh.tests.flightreservation.FlightReservationTest">
        <test-method is-config="true" signature="setDriver()[pri:0, instance:com.umesh.tests.flightreservation.FlightReservationTest@420a85c4]" started-at="2024-08-29T14:49:54 GMT" name="setDriver" finished-at="2024-08-29T14:50:12 GMT" duration-ms="17778" status="PASS">
          <reporter-output>
          </reporter-output>
        </test-method> <!-- setDriver -->
        <test-method is-config="true" signature="setParameters(java.lang.String)[pri:0, instance:com.umesh.tests.flightreservation.FlightReservationTest@420a85c4]" started-at="2024-08-29T14:50:12 GMT" name="setParameters" finished-at="2024-08-29T14:50:13 GMT" depends-on-methods="com.umesh.tests.AbstractTest.setDriver" duration-ms="1318" status="PASS">
          <params>
            <param index="0">
              <value>
                <![CDATA[test-data/flight-reservation/passenger-1.json]]>
              </value>
            </param>
          </params>
          <reporter-output>
          </reporter-output>
        </test-method> <!-- setParameters -->
        <test-method signature="userRegistrationTest()[pri:0, instance:com.umesh.tests.flightreservation.FlightReservationTest@420a85c4]" started-at="2024-08-29T14:50:13 GMT" name="userRegistrationTest" finished-at="2024-08-29T14:50:48 GMT" duration-ms="34289" status="PASS">
          <reporter-output>
          </reporter-output>
        </test-method> <!-- userRegistrationTest -->
        <test-method is-config="true" signature="sleep()[pri:0, instance:com.umesh.tests.flightreservation.FlightReservationTest@420a85c4]" started-at="2024-08-29T14:50:48 GMT" name="sleep" finished-at="2024-08-29T14:50:51 GMT" duration-ms="3010" status="PASS">
          <reporter-output>
          </reporter-output>
        </test-method> <!-- sleep -->
        <test-method signature="registrationConfirmationTest()[pri:0, instance:com.umesh.tests.flightreservation.FlightReservationTest@420a85c4]" started-at="2024-08-29T14:50:51 GMT" name="registrationConfirmationTest" finished-at="2024-08-29T14:50:53 GMT" depends-on-methods="com.umesh.tests.flightreservation.FlightReservationTest.userRegistrationTest" duration-ms="2751" status="PASS">
          <reporter-output>
          </reporter-output>
        </test-method> <!-- registrationConfirmationTest -->
        <test-method is-config="true" signature="sleep()[pri:0, instance:com.umesh.tests.flightreservation.FlightReservationTest@420a85c4]" started-at="2024-08-29T14:50:53 GMT" name="sleep" finished-at="2024-08-29T14:50:56 GMT" duration-ms="3002" status="PASS">
          <reporter-output>
          </reporter-output>
        </test-method> <!-- sleep -->
        <test-method signature="flightsSearchTest()[pri:0, instance:com.umesh.tests.flightreservation.FlightReservationTest@420a85c4]" started-at="2024-08-29T14:50:56 GMT" name="flightsSearchTest" finished-at="2024-08-29T14:51:01 GMT" depends-on-methods="com.umesh.tests.flightreservation.FlightReservationTest.registrationConfirmationTest" duration-ms="4461" status="PASS">
          <reporter-output>
          </reporter-output>
        </test-method> <!-- flightsSearchTest -->
        <test-method is-config="true" signature="sleep()[pri:0, instance:com.umesh.tests.flightreservation.FlightReservationTest@420a85c4]" started-at="2024-08-29T14:51:01 GMT" name="sleep" finished-at="2024-08-29T14:51:04 GMT" duration-ms="3002" status="PASS">
          <reporter-output>
          </reporter-output>
        </test-method> <!-- sleep -->
        <test-method signature="flightsSelectionTest()[pri:0, instance:com.umesh.tests.flightreservation.FlightReservationTest@420a85c4]" started-at="2024-08-29T14:51:04 GMT" name="flightsSelectionTest" finished-at="2024-08-29T14:51:08 GMT" depends-on-methods="com.umesh.tests.flightreservation.FlightReservationTest.flightsSearchTest" duration-ms="4619" status="PASS">
          <reporter-output>
          </reporter-output>
        </test-method> <!-- flightsSelectionTest -->
        <test-method is-config="true" signature="sleep()[pri:0, instance:com.umesh.tests.flightreservation.FlightReservationTest@420a85c4]" started-at="2024-08-29T14:51:08 GMT" name="sleep" finished-at="2024-08-29T14:51:11 GMT" duration-ms="3001" status="PASS">
          <reporter-output>
          </reporter-output>
        </test-method> <!-- sleep -->
        <test-method signature="flightReservationConfirmationTest()[pri:0, instance:com.umesh.tests.flightreservation.FlightReservationTest@420a85c4]" started-at="2024-08-29T14:51:11 GMT" name="flightReservationConfirmationTest" finished-at="2024-08-29T14:51:13 GMT" depends-on-methods="com.umesh.tests.flightreservation.FlightReservationTest.flightsSelectionTest" duration-ms="1480" status="PASS">
          <reporter-output>
          </reporter-output>
        </test-method> <!-- flightReservationConfirmationTest -->
        <test-method is-config="true" signature="sleep()[pri:0, instance:com.umesh.tests.flightreservation.FlightReservationTest@420a85c4]" started-at="2024-08-29T14:51:13 GMT" name="sleep" finished-at="2024-08-29T14:51:16 GMT" duration-ms="3002" status="PASS">
          <reporter-output>
          </reporter-output>
        </test-method> <!-- sleep -->
        <test-method is-config="true" signature="quitDriver()[pri:0, instance:com.umesh.tests.flightreservation.FlightReservationTest@420a85c4]" started-at="2024-08-29T14:51:16 GMT" name="quitDriver" finished-at="2024-08-29T14:51:17 GMT" duration-ms="763" status="PASS">
          <reporter-output>
          </reporter-output>
        </test-method> <!-- quitDriver -->
      </class> <!-- com.umesh.tests.flightreservation.FlightReservationTest -->
    </test> <!-- passengers-count-1 -->
    <test started-at="2024-08-29T14:51:15 GMT" name="passengers-count-3" finished-at="2024-08-29T14:52:08 GMT" duration-ms="53007">
      <class name="com.umesh.tests.flightreservation.FlightReservationTest">
        <test-method is-config="true" signature="setDriver()[pri:0, instance:com.umesh.tests.flightreservation.FlightReservationTest@58594a11]" started-at="2024-08-29T14:51:15 GMT" name="setDriver" finished-at="2024-08-29T14:51:19 GMT" duration-ms="4372" status="PASS">
          <reporter-output>
          </reporter-output>
        </test-method> <!-- setDriver -->
        <test-method is-config="true" signature="setParameters(java.lang.String)[pri:0, instance:com.umesh.tests.flightreservation.FlightReservationTest@58594a11]" started-at="2024-08-29T14:51:20 GMT" name="setParameters" finished-at="2024-08-29T14:51:20 GMT" depends-on-methods="com.umesh.tests.AbstractTest.setDriver" duration-ms="6" status="PASS">
          <params>
            <param index="0">
              <value>
                <![CDATA[test-data/flight-reservation/passenger-3.json]]>
              </value>
            </param>
          </params>
          <reporter-output>
          </reporter-output>
        </test-method> <!-- setParameters -->
        <test-method signature="userRegistrationTest()[pri:0, instance:com.umesh.tests.flightreservation.FlightReservationTest@58594a11]" started-at="2024-08-29T14:51:20 GMT" name="userRegistrationTest" finished-at="2024-08-29T14:51:44 GMT" duration-ms="24129" status="PASS">
          <reporter-output>
          </reporter-output>
        </test-method> <!-- userRegistrationTest -->
        <test-method is-config="true" signature="sleep()[pri:0, instance:com.umesh.tests.flightreservation.FlightReservationTest@58594a11]" started-at="2024-08-29T14:51:44 GMT" name="sleep" finished-at="2024-08-29T14:51:47 GMT" duration-ms="3008" status="PASS">
          <reporter-output>
          </reporter-output>
        </test-method> <!-- sleep -->
        <test-method signature="registrationConfirmationTest()[pri:0, instance:com.umesh.tests.flightreservation.FlightReservationTest@58594a11]" started-at="2024-08-29T14:51:47 GMT" name="registrationConfirmationTest" finished-at="2024-08-29T14:51:48 GMT" depends-on-methods="com.umesh.tests.flightreservation.FlightReservationTest.userRegistrationTest" duration-ms="1716" status="PASS">
          <reporter-output>
          </reporter-output>
        </test-method> <!-- registrationConfirmationTest -->
        <test-method is-config="true" signature="sleep()[pri:0, instance:com.umesh.tests.flightreservation.FlightReservationTest@58594a11]" started-at="2024-08-29T14:51:48 GMT" name="sleep" finished-at="2024-08-29T14:51:51 GMT" duration-ms="3005" status="PASS">
          <reporter-output>
          </reporter-output>
        </test-method> <!-- sleep -->
        <test-method signature="flightsSearchTest()[pri:0, instance:com.umesh.tests.flightreservation.FlightReservationTest@58594a11]" started-at="2024-08-29T14:51:51 GMT" name="flightsSearchTest" finished-at="2024-08-29T14:51:55 GMT" depends-on-methods="com.umesh.tests.flightreservation.FlightReservationTest.registrationConfirmationTest" duration-ms="3592" status="PASS">
          <reporter-output>
          </reporter-output>
        </test-method> <!-- flightsSearchTest -->
        <test-method is-config="true" signature="sleep()[pri:0, instance:com.umesh.tests.flightreservation.FlightReservationTest@58594a11]" started-at="2024-08-29T14:51:55 GMT" name="sleep" finished-at="2024-08-29T14:51:58 GMT" duration-ms="3006" status="PASS">
          <reporter-output>
          </reporter-output>
        </test-method> <!-- sleep -->
        <test-method signature="flightsSelectionTest()[pri:0, instance:com.umesh.tests.flightreservation.FlightReservationTest@58594a11]" started-at="2024-08-29T14:51:58 GMT" name="flightsSelectionTest" finished-at="2024-08-29T14:52:01 GMT" depends-on-methods="com.umesh.tests.flightreservation.FlightReservationTest.flightsSearchTest" duration-ms="3297" status="PASS">
          <reporter-output>
          </reporter-output>
        </test-method> <!-- flightsSelectionTest -->
        <test-method is-config="true" signature="sleep()[pri:0, instance:com.umesh.tests.flightreservation.FlightReservationTest@58594a11]" started-at="2024-08-29T14:52:01 GMT" name="sleep" finished-at="2024-08-29T14:52:04 GMT" duration-ms="3001" status="PASS">
          <reporter-output>
          </reporter-output>
        </test-method> <!-- sleep -->
        <test-method signature="flightReservationConfirmationTest()[pri:0, instance:com.umesh.tests.flightreservation.FlightReservationTest@58594a11]" started-at="2024-08-29T14:52:04 GMT" name="flightReservationConfirmationTest" finished-at="2024-08-29T14:52:05 GMT" depends-on-methods="com.umesh.tests.flightreservation.FlightReservationTest.flightsSelectionTest" duration-ms="702" status="PASS">
          <reporter-output>
          </reporter-output>
        </test-method> <!-- flightReservationConfirmationTest -->
        <test-method is-config="true" signature="sleep()[pri:0, instance:com.umesh.tests.flightreservation.FlightReservationTest@58594a11]" started-at="2024-08-29T14:52:05 GMT" name="sleep" finished-at="2024-08-29T14:52:08 GMT" duration-ms="3010" status="PASS">
          <reporter-output>
          </reporter-output>
        </test-method> <!-- sleep -->
        <test-method is-config="true" signature="quitDriver()[pri:0, instance:com.umesh.tests.flightreservation.FlightReservationTest@58594a11]" started-at="2024-08-29T14:52:08 GMT" name="quitDriver" finished-at="2024-08-29T14:52:08 GMT" duration-ms="113" status="PASS">
          <reporter-output>
          </reporter-output>
        </test-method> <!-- quitDriver -->
      </class> <!-- com.umesh.tests.flightreservation.FlightReservationTest -->
    </test> <!-- passengers-count-3 -->
    <test started-at="2024-08-29T14:51:17 GMT" name="passengers-count-4" finished-at="2024-08-29T14:52:09 GMT" duration-ms="52388">
      <class name="com.umesh.tests.flightreservation.FlightReservationTest">
        <test-method is-config="true" signature="setConfig()[pri:0, instance:com.umesh.tests.flightreservation.FlightReservationTest@14fa86ae]" started-at="2024-08-29T14:49:54 GMT" name="setConfig" finished-at="2024-08-29T14:49:54 GMT" duration-ms="47" status="PASS">
          <reporter-output>
          </reporter-output>
        </test-method> <!-- setConfig -->
        <test-method is-config="true" signature="setDriver()[pri:0, instance:com.umesh.tests.flightreservation.FlightReservationTest@14fa86ae]" started-at="2024-08-29T14:51:17 GMT" name="setDriver" finished-at="2024-08-29T14:51:23 GMT" duration-ms="5953" status="PASS">
          <reporter-output>
          </reporter-output>
        </test-method> <!-- setDriver -->
        <test-method is-config="true" signature="setParameters(java.lang.String)[pri:0, instance:com.umesh.tests.flightreservation.FlightReservationTest@14fa86ae]" started-at="2024-08-29T14:51:23 GMT" name="setParameters" finished-at="2024-08-29T14:51:23 GMT" depends-on-methods="com.umesh.tests.AbstractTest.setDriver" duration-ms="31" status="PASS">
          <params>
            <param index="0">
              <value>
                <![CDATA[test-data/flight-reservation/passenger-4.json]]>
              </value>
            </param>
          </params>
          <reporter-output>
          </reporter-output>
        </test-method> <!-- setParameters -->
        <test-method signature="userRegistrationTest()[pri:0, instance:com.umesh.tests.flightreservation.FlightReservationTest@14fa86ae]" started-at="2024-08-29T14:51:23 GMT" name="userRegistrationTest" finished-at="2024-08-29T14:51:46 GMT" duration-ms="23519" status="PASS">
          <reporter-output>
          </reporter-output>
        </test-method> <!-- userRegistrationTest -->
        <test-method is-config="true" signature="sleep()[pri:0, instance:com.umesh.tests.flightreservation.FlightReservationTest@14fa86ae]" started-at="2024-08-29T14:51:46 GMT" name="sleep" finished-at="2024-08-29T14:51:49 GMT" duration-ms="3001" status="PASS">
          <reporter-output>
          </reporter-output>
        </test-method> <!-- sleep -->
        <test-method signature="registrationConfirmationTest()[pri:0, instance:com.umesh.tests.flightreservation.FlightReservationTest@14fa86ae]" started-at="2024-08-29T14:51:49 GMT" name="registrationConfirmationTest" finished-at="2024-08-29T14:51:51 GMT" depends-on-methods="com.umesh.tests.flightreservation.FlightReservationTest.userRegistrationTest" duration-ms="1602" status="PASS">
          <reporter-output>
          </reporter-output>
        </test-method> <!-- registrationConfirmationTest -->
        <test-method is-config="true" signature="sleep()[pri:0, instance:com.umesh.tests.flightreservation.FlightReservationTest@14fa86ae]" started-at="2024-08-29T14:51:51 GMT" name="sleep" finished-at="2024-08-29T14:51:54 GMT" duration-ms="3006" status="PASS">
          <reporter-output>
          </reporter-output>
        </test-method> <!-- sleep -->
        <test-method signature="flightsSearchTest()[pri:0, instance:com.umesh.tests.flightreservation.FlightReservationTest@14fa86ae]" started-at="2024-08-29T14:51:54 GMT" name="flightsSearchTest" finished-at="2024-08-29T14:51:57 GMT" depends-on-methods="com.umesh.tests.flightreservation.FlightReservationTest.registrationConfirmationTest" duration-ms="2781" status="PASS">
          <reporter-output>
          </reporter-output>
        </test-method> <!-- flightsSearchTest -->
        <test-method is-config="true" signature="sleep()[pri:0, instance:com.umesh.tests.flightreservation.FlightReservationTest@14fa86ae]" started-at="2024-08-29T14:51:57 GMT" name="sleep" finished-at="2024-08-29T14:52:00 GMT" duration-ms="3009" status="PASS">
          <reporter-output>
          </reporter-output>
        </test-method> <!-- sleep -->
        <test-method signature="flightsSelectionTest()[pri:0, instance:com.umesh.tests.flightreservation.FlightReservationTest@14fa86ae]" started-at="2024-08-29T14:52:00 GMT" name="flightsSelectionTest" finished-at="2024-08-29T14:52:02 GMT" depends-on-methods="com.umesh.tests.flightreservation.FlightReservationTest.flightsSearchTest" duration-ms="2540" status="PASS">
          <reporter-output>
          </reporter-output>
        </test-method> <!-- flightsSelectionTest -->
        <test-method is-config="true" signature="sleep()[pri:0, instance:com.umesh.tests.flightreservation.FlightReservationTest@14fa86ae]" started-at="2024-08-29T14:52:02 GMT" name="sleep" finished-at="2024-08-29T14:52:05 GMT" duration-ms="3003" status="PASS">
          <reporter-output>
          </reporter-output>
        </test-method> <!-- sleep -->
        <test-method signature="flightReservationConfirmationTest()[pri:0, instance:com.umesh.tests.flightreservation.FlightReservationTest@14fa86ae]" started-at="2024-08-29T14:52:05 GMT" name="flightReservationConfirmationTest" finished-at="2024-08-29T14:52:06 GMT" depends-on-methods="com.umesh.tests.flightreservation.FlightReservationTest.flightsSelectionTest" duration-ms="804" status="PASS">
          <reporter-output>
          </reporter-output>
        </test-method> <!-- flightReservationConfirmationTest -->
        <test-method is-config="true" signature="sleep()[pri:0, instance:com.umesh.tests.flightreservation.FlightReservationTest@14fa86ae]" started-at="2024-08-29T14:52:06 GMT" name="sleep" finished-at="2024-08-29T14:52:09 GMT" duration-ms="3004" status="PASS">
          <reporter-output>
          </reporter-output>
        </test-method> <!-- sleep -->
        <test-method is-config="true" signature="quitDriver()[pri:0, instance:com.umesh.tests.flightreservation.FlightReservationTest@14fa86ae]" started-at="2024-08-29T14:52:09 GMT" name="quitDriver" finished-at="2024-08-29T14:52:09 GMT" duration-ms="106" status="PASS">
          <reporter-output>
          </reporter-output>
        </test-method> <!-- quitDriver -->
      </class> <!-- com.umesh.tests.flightreservation.FlightReservationTest -->
    </test> <!-- passengers-count-4 -->
  </suite> <!-- flight-reservation -->
</testng-results>
